<?xml version="1.0" encoding="UTF-8"?>
<!-- Generated by org.testng.reporters.JUnitXMLReporter -->
<testsuite hostname="DESKTOP-D5AMLUU" ignored="9" name="Test" tests="1" failures="0" timestamp="18 Apr 2021 09:47:46 GMT" time="45.902" errors="0">
  <testcase name="TC_10_Recruiter_search_quick_search" time="34.241" classname="ratos.testngRunner"/>
  <testcase name="TC_05_create_new_user_management" time="0.0" classname="ratos.testngRunner">
    <ignored/>
  </testcase> <!-- TC_05_create_new_user_management -->
  <testcase name="TC_01_login_and_create_jobs" time="0.0" classname="ratos.testngRunner">
    <ignored/>
  </testcase> <!-- TC_01_login_and_create_jobs -->
  <testcase name="TC_04_jobs_Delete" time="0.0" classname="ratos.testngRunner">
    <ignored/>
  </testcase> <!-- TC_04_jobs_Delete -->
  <testcase name="TC_06_user_delete" time="0.0" classname="ratos.testngRunner">
    <ignored/>
  </testcase> <!-- TC_06_user_delete -->
  <testcase name="TC_09_candidate_resume_uploading" time="0.0" classname="ratos.testngRunner">
    <ignored/>
  </testcase> <!-- TC_09_candidate_resume_uploading -->
  <testcase name="TC_08_edit_user" time="0.0" classname="ratos.testngRunner">
    <ignored/>
  </testcase> <!-- TC_08_edit_user -->
  <testcase name="TC_07_user_screen_search" time="0.0" classname="ratos.testngRunner">
    <ignored/>
  </testcase> <!-- TC_07_user_screen_search -->
  <testcase name="TC_02_View_jobs_screen" time="0.0" classname="ratos.testngRunner">
    <ignored/>
  </testcase> <!-- TC_02_View_jobs_screen -->
  <testcase name="TC_03_jobs_Edit" time="0.0" classname="ratos.testngRunner">
    <ignored/>
  </testcase> <!-- TC_03_jobs_Edit -->
</testsuite> <!-- Test -->
