<?xml version="1.0" encoding="UTF-8"?>
<testng-results skipped="0" failed="0" ignored="9" total="10" passed="1">
  <reporter-output>
  </reporter-output>
  <suite name="Suite" duration-ms="45902" started-at="2021-04-18T09:47:00Z" finished-at="2021-04-18T09:47:46Z">
    <groups>
    </groups>
    <test name="Test" duration-ms="45902" started-at="2021-04-18T09:47:00Z" finished-at="2021-04-18T09:47:46Z">
      <class name="ratos.testngRunner">
        <test-method status="PASS" signature="initialiseDriver()[pri:0, instance:ratos.testngRunner@29ee9faa]" name="initialiseDriver" is-config="true" duration-ms="1639" started-at="2021-04-18T15:17:00Z" finished-at="2021-04-18T15:17:01Z">
          <reporter-output>
          </reporter-output>
        </test-method> <!-- initialiseDriver -->
        <test-method status="PASS" signature="getUrl()[pri:0, instance:ratos.testngRunner@29ee9faa]" name="getUrl" is-config="true" duration-ms="5950" started-at="2021-04-18T15:17:01Z" finished-at="2021-04-18T15:17:07Z">
          <reporter-output>
          </reporter-output>
        </test-method> <!-- getUrl -->
        <test-method status="PASS" signature="TC_10_Recruiter_search_quick_search()[pri:0, instance:ratos.testngRunner@29ee9faa]" name="TC_10_Recruiter_search_quick_search" duration-ms="34241" started-at="2021-04-18T15:17:07Z" finished-at="2021-04-18T15:17:42Z">
          <reporter-output>
          </reporter-output>
        </test-method> <!-- TC_10_Recruiter_search_quick_search -->
        <test-method status="PASS" signature="closeDriver()[pri:0, instance:ratos.testngRunner@29ee9faa]" name="closeDriver" is-config="true" duration-ms="4061" started-at="2021-04-18T15:17:42Z" finished-at="2021-04-18T15:17:46Z">
          <reporter-output>
          </reporter-output>
        </test-method> <!-- closeDriver -->
      </class> <!-- ratos.testngRunner -->
    </test> <!-- Test -->
  </suite> <!-- Suite -->
</testng-results>
